<?xml version="1.0" encoding="UTF-8"?>
<testng-results ignored="0" total="2" passed="2" failed="0" skipped="0">
  <reporter-output>
  </reporter-output>
  <suite started-at="2026-04-22T20:13:32 IST" name="Suite" finished-at="2026-04-22T20:13:45 IST" duration-ms="12461">
    <groups>
      <group name="regression">
        <method signature="TC001_AccountRegisterationTest.verify_account_registeration()[pri:0, instance:testCases.TC001_AccountRegisterationTest@4ce1d6d0]" name="verify_account_registeration" class="testCases.TC001_AccountRegisterationTest"/>
      </group> <!-- regression -->
      <group name="sanity">
        <method signature="TC002__LoginTest.verifyloginTest()[pri:0, instance:testCases.TC002__LoginTest@16ce702d]" name="verifyloginTest" class="testCases.TC002__LoginTest"/>
      </group> <!-- sanity -->
      <group name="master">
        <method signature="TC001_AccountRegisterationTest.verify_account_registeration()[pri:0, instance:testCases.TC001_AccountRegisterationTest@4ce1d6d0]" name="verify_account_registeration" class="testCases.TC001_AccountRegisterationTest"/>
        <method signature="TC002__LoginTest.verifyloginTest()[pri:0, instance:testCases.TC002__LoginTest@16ce702d]" name="verifyloginTest" class="testCases.TC002__LoginTest"/>
      </group> <!-- master -->
    </groups>
    <test started-at="2026-04-22T20:13:32 IST" name="Test" finished-at="2026-04-22T20:13:45 IST" duration-ms="12461">
      <class name="testCases.TC002__LoginTest">
        <test-method is-config="true" signature="setUp(java.lang.String,java.lang.String)[pri:0, instance:testCases.TC002__LoginTest@16ce702d]" started-at="2026-04-22T20:13:40 IST" name="setUp" finished-at="2026-04-22T20:13:43 IST" duration-ms="2190" status="PASS">
          <params>
            <param index="0">
              <value>
                <![CDATA[windows]]>
              </value>
            </param>
            <param index="1">
              <value>
                <![CDATA[chrome]]>
              </value>
            </param>
          </params>
          <reporter-output>
          </reporter-output>
        </test-method> <!-- setUp -->
        <test-method signature="verifyloginTest()[pri:0, instance:testCases.TC002__LoginTest@16ce702d]" started-at="2026-04-22T20:13:43 IST" name="verifyloginTest" finished-at="2026-04-22T20:13:44 IST" duration-ms="1740" status="PASS">
          <reporter-output>
          </reporter-output>
        </test-method> <!-- verifyloginTest -->
        <test-method is-config="true" signature="tearDown()[pri:0, instance:testCases.TC002__LoginTest@16ce702d]" started-at="2026-04-22T20:13:44 IST" name="tearDown" finished-at="2026-04-22T20:13:45 IST" duration-ms="152" status="PASS">
          <reporter-output>
          </reporter-output>
        </test-method> <!-- tearDown -->
      </class> <!-- testCases.TC002__LoginTest -->
      <class name="testCases.TC001_AccountRegisterationTest">
        <test-method is-config="true" signature="setUp(java.lang.String,java.lang.String)[pri:0, instance:testCases.TC001_AccountRegisterationTest@4ce1d6d0]" started-at="2026-04-22T20:13:32 IST" name="setUp" finished-at="2026-04-22T20:13:37 IST" duration-ms="4526" status="PASS">
          <params>
            <param index="0">
              <value>
                <![CDATA[windows]]>
              </value>
            </param>
            <param index="1">
              <value>
                <![CDATA[chrome]]>
              </value>
            </param>
          </params>
          <reporter-output>
          </reporter-output>
        </test-method> <!-- setUp -->
        <test-method signature="verify_account_registeration()[pri:0, instance:testCases.TC001_AccountRegisterationTest@4ce1d6d0]" started-at="2026-04-22T20:13:37 IST" name="verify_account_registeration" finished-at="2026-04-22T20:13:40 IST" duration-ms="3379" status="PASS">
          <reporter-output>
          </reporter-output>
        </test-method> <!-- verify_account_registeration -->
        <test-method is-config="true" signature="tearDown()[pri:0, instance:testCases.TC001_AccountRegisterationTest@4ce1d6d0]" started-at="2026-04-22T20:13:40 IST" name="tearDown" finished-at="2026-04-22T20:13:40 IST" duration-ms="170" status="PASS">
          <reporter-output>
          </reporter-output>
        </test-method> <!-- tearDown -->
      </class> <!-- testCases.TC001_AccountRegisterationTest -->
    </test> <!-- Test -->
  </suite> <!-- Suite -->
</testng-results>
